{"level":"warn","message":"⚠️ Missing VAPID_PUBLIC_KEY or VAPID_PRIVATE_KEY — Push notifications disabled","timestamp":"2025-12-16 06:26:10"}
{"level":"info","message":"Ensured upload directory exists: C:\\Users\\ASUS\\OneDrive\\Desktop\\SmartStudentAct\\Backend\\routes\\uploads\\other","timestamp":"2025-12-16 06:26:10"}
{"level":"info","message":"Ensured upload directory exists: C:\\Users\\ASUS\\OneDrive\\Desktop\\SmartStudentAct\\Backend\\routes\\uploads\\feedback","timestamp":"2025-12-16 06:26:10"}
{"level":"info","message":"Ensured upload directory exists: C:\\Users\\ASUS\\OneDrive\\Desktop\\SmartStudentAct\\Backend\\routes\\uploads\\submissions","timestamp":"2025-12-16 06:26:10"}
{"level":"info","message":"Ensured upload directory exists: C:\\Users\\ASUS\\OneDrive\\Desktop\\SmartStudentAct\\Backend\\routes\\uploads\\assignments","timestamp":"2025-12-16 06:26:10"}
{"date":"Tue Dec 16 2025 06:26:40 GMT-0800 (Pacific Standard Time)","error":{"reason":{"commonWireVersion":0,"compatible":true,"heartbeatFrequencyMS":10000,"localThresholdMS":15,"logicalSessionTimeoutMinutes":null,"maxElectionId":null,"maxSetVersion":null,"servers":{},"setName":null,"stale":false,"type":"Unknown"}},"level":"error","message":"unhandledRejection: connect ECONNREFUSED 127.0.0.1:27017\nMongoServerSelectionError: connect ECONNREFUSED 127.0.0.1:27017\n    at Timeout._onTimeout (C:\\Users\\ASUS\\OneDrive\\Desktop\\SmartStudentAct\\Backend\\node_modules\\agenda\\node_modules\\mongodb\\lib\\sdam\\topology.js:292:38)\n    at listOnTimeout (node:internal/timers:588:17)\n    at process.processTimers (node:internal/timers:523:7)","os":{"loadavg":[0,0,0],"uptime":218908.484},"process":{"argv":["C:\\Program Files\\nodejs\\node.exe","C:\\Users\\ASUS\\OneDrive\\Desktop\\SmartStudentAct\\Backend\\server.js"],"cwd":"C:\\Users\\ASUS\\OneDrive\\Desktop\\SmartStudentAct","execPath":"C:\\Program Files\\nodejs\\node.exe","gid":null,"memoryUsage":{"arrayBuffers":36139258,"external":39877247,"heapTotal":53194752,"heapUsed":48457272,"rss":93028352},"pid":13916,"uid":null,"version":"v22.17.1"},"rejection":true,"stack":"MongoServerSelectionError: connect ECONNREFUSED 127.0.0.1:27017\n    at Timeout._onTimeout (C:\\Users\\ASUS\\OneDrive\\Desktop\\SmartStudentAct\\Backend\\node_modules\\agenda\\node_modules\\mongodb\\lib\\sdam\\topology.js:292:38)\n    at listOnTimeout (node:internal/timers:588:17)\n    at process.processTimers (node:internal/timers:523:7)","timestamp":"2025-12-16 06:26:40","trace":[{"column":38,"file":"C:\\Users\\ASUS\\OneDrive\\Desktop\\SmartStudentAct\\Backend\\node_modules\\agenda\\node_modules\\mongodb\\lib\\sdam\\topology.js","function":"Timeout._onTimeout","line":292,"method":"_onTimeout","native":false},{"column":17,"file":"node:internal/timers","function":"listOnTimeout","line":588,"method":null,"native":false},{"column":7,"file":"node:internal/timers","function":"process.processTimers","line":523,"method":"processTimers","native":false}]}
{"level":"warn","message":"⚠️ Missing VAPID_PUBLIC_KEY or VAPID_PRIVATE_KEY — Push notifications disabled","timestamp":"2025-12-16 06:27:17"}
{"level":"info","message":"Ensured upload directory exists: C:\\Users\\ASUS\\OneDrive\\Desktop\\SmartStudentAct\\Backend\\routes\\uploads\\feedback","timestamp":"2025-12-16 06:27:17"}
{"level":"info","message":"Ensured upload directory exists: C:\\Users\\ASUS\\OneDrive\\Desktop\\SmartStudentAct\\Backend\\routes\\uploads\\other","timestamp":"2025-12-16 06:27:17"}
{"level":"info","message":"Ensured upload directory exists: C:\\Users\\ASUS\\OneDrive\\Desktop\\SmartStudentAct\\Backend\\routes\\uploads\\assignments","timestamp":"2025-12-16 06:27:17"}
{"level":"info","message":"Ensured upload directory exists: C:\\Users\\ASUS\\OneDrive\\Desktop\\SmartStudentAct\\Backend\\routes\\uploads\\submissions","timestamp":"2025-12-16 06:27:17"}
{"date":"Tue Dec 16 2025 06:27:47 GMT-0800 (Pacific Standard Time)","error":{"reason":{"commonWireVersion":0,"compatible":true,"heartbeatFrequencyMS":10000,"localThresholdMS":15,"logicalSessionTimeoutMinutes":null,"maxElectionId":null,"maxSetVersion":null,"servers":{},"setName":null,"stale":false,"type":"Unknown"}},"level":"error","message":"unhandledRejection: connect ECONNREFUSED 127.0.0.1:27017\nMongoServerSelectionError: connect ECONNREFUSED 127.0.0.1:27017\n    at Timeout._onTimeout (C:\\Users\\ASUS\\OneDrive\\Desktop\\SmartStudentAct\\Backend\\node_modules\\agenda\\node_modules\\mongodb\\lib\\sdam\\topology.js:292:38)\n    at listOnTimeout (node:internal/timers:588:17)\n    at process.processTimers (node:internal/timers:523:7)","os":{"loadavg":[0,0,0],"uptime":218974.984},"process":{"argv":["C:\\Program Files\\nodejs\\node.exe","C:\\Users\\ASUS\\OneDrive\\Desktop\\SmartStudentAct\\Backend\\server.js"],"cwd":"C:\\Users\\ASUS\\OneDrive\\Desktop\\SmartStudentAct","execPath":"C:\\Program Files\\nodejs\\node.exe","gid":null,"memoryUsage":{"arrayBuffers":36139258,"external":39877247,"heapTotal":53456896,"heapUsed":48581544,"rss":92864512},"pid":2708,"uid":null,"version":"v22.17.1"},"rejection":true,"stack":"MongoServerSelectionError: connect ECONNREFUSED 127.0.0.1:27017\n    at Timeout._onTimeout (C:\\Users\\ASUS\\OneDrive\\Desktop\\SmartStudentAct\\Backend\\node_modules\\agenda\\node_modules\\mongodb\\lib\\sdam\\topology.js:292:38)\n    at listOnTimeout (node:internal/timers:588:17)\n    at process.processTimers (node:internal/timers:523:7)","timestamp":"2025-12-16 06:27:47","trace":[{"column":38,"file":"C:\\Users\\ASUS\\OneDrive\\Desktop\\SmartStudentAct\\Backend\\node_modules\\agenda\\node_modules\\mongodb\\lib\\sdam\\topology.js","function":"Timeout._onTimeout","line":292,"method":"_onTimeout","native":false},{"column":17,"file":"node:internal/timers","function":"listOnTimeout","line":588,"method":null,"native":false},{"column":7,"file":"node:internal/timers","function":"process.processTimers","line":523,"method":"processTimers","native":false}]}
{"level":"warn","message":"⚠️ Missing VAPID_PUBLIC_KEY or VAPID_PRIVATE_KEY — Push notifications disabled","timestamp":"2025-12-16 06:28:46"}
{"level":"info","message":"Ensured upload directory exists: C:\\Users\\ASUS\\OneDrive\\Desktop\\SmartStudentAct\\Backend\\routes\\uploads\\feedback","timestamp":"2025-12-16 06:28:47"}
{"level":"info","message":"Ensured upload directory exists: C:\\Users\\ASUS\\OneDrive\\Desktop\\SmartStudentAct\\Backend\\routes\\uploads\\other","timestamp":"2025-12-16 06:28:47"}
{"level":"info","message":"Ensured upload directory exists: C:\\Users\\ASUS\\OneDrive\\Desktop\\SmartStudentAct\\Backend\\routes\\uploads\\submissions","timestamp":"2025-12-16 06:28:47"}
{"level":"info","message":"Ensured upload directory exists: C:\\Users\\ASUS\\OneDrive\\Desktop\\SmartStudentAct\\Backend\\routes\\uploads\\assignments","timestamp":"2025-12-16 06:28:47"}
{"date":"Tue Dec 16 2025 06:29:16 GMT-0800 (Pacific Standard Time)","error":{"reason":{"commonWireVersion":0,"compatible":true,"heartbeatFrequencyMS":10000,"localThresholdMS":15,"logicalSessionTimeoutMinutes":null,"maxElectionId":null,"maxSetVersion":null,"servers":{},"setName":null,"stale":false,"type":"Unknown"}},"level":"error","message":"unhandledRejection: connect ECONNREFUSED 127.0.0.1:27017\nMongoServerSelectionError: connect ECONNREFUSED 127.0.0.1:27017\n    at Timeout._onTimeout (C:\\Users\\ASUS\\OneDrive\\Desktop\\SmartStudentAct\\Backend\\node_modules\\agenda\\node_modules\\mongodb\\lib\\sdam\\topology.js:292:38)\n    at listOnTimeout (node:internal/timers:588:17)\n    at process.processTimers (node:internal/timers:523:7)","os":{"loadavg":[0,0,0],"uptime":219064.687},"process":{"argv":["C:\\Program Files\\nodejs\\node.exe","C:\\Users\\ASUS\\OneDrive\\Desktop\\SmartStudentAct\\Backend\\server.js"],"cwd":"C:\\Users\\ASUS\\OneDrive\\Desktop\\SmartStudentAct","execPath":"C:\\Program Files\\nodejs\\node.exe","gid":null,"memoryUsage":{"arrayBuffers":36139258,"external":39877247,"heapTotal":52408320,"heapUsed":48423464,"rss":92925952},"pid":19688,"uid":null,"version":"v22.17.1"},"rejection":true,"stack":"MongoServerSelectionError: connect ECONNREFUSED 127.0.0.1:27017\n    at Timeout._onTimeout (C:\\Users\\ASUS\\OneDrive\\Desktop\\SmartStudentAct\\Backend\\node_modules\\agenda\\node_modules\\mongodb\\lib\\sdam\\topology.js:292:38)\n    at listOnTimeout (node:internal/timers:588:17)\n    at process.processTimers (node:internal/timers:523:7)","timestamp":"2025-12-16 06:29:16","trace":[{"column":38,"file":"C:\\Users\\ASUS\\OneDrive\\Desktop\\SmartStudentAct\\Backend\\node_modules\\agenda\\node_modules\\mongodb\\lib\\sdam\\topology.js","function":"Timeout._onTimeout","line":292,"method":"_onTimeout","native":false},{"column":17,"file":"node:internal/timers","function":"listOnTimeout","line":588,"method":null,"native":false},{"column":7,"file":"node:internal/timers","function":"process.processTimers","line":523,"method":"processTimers","native":false}]}
{"level":"warn","message":"⚠️ Agenda disabled: no MONGODB_URI provided.","timestamp":"2025-12-16 06:29:42"}
{"level":"warn","message":"⚠️ Missing VAPID_PUBLIC_KEY or VAPID_PRIVATE_KEY — Push notifications disabled","timestamp":"2025-12-16 06:29:42"}
{"level":"info","message":"Ensured upload directory exists: C:\\Users\\ASUS\\OneDrive\\Desktop\\SmartStudentAct\\Backend\\routes\\uploads\\feedback","timestamp":"2025-12-16 06:29:42"}
{"level":"info","message":"Ensured upload directory exists: C:\\Users\\ASUS\\OneDrive\\Desktop\\SmartStudentAct\\Backend\\routes\\uploads\\other","timestamp":"2025-12-16 06:29:42"}
{"level":"info","message":"Ensured upload directory exists: C:\\Users\\ASUS\\OneDrive\\Desktop\\SmartStudentAct\\Backend\\routes\\uploads\\submissions","timestamp":"2025-12-16 06:29:42"}
{"level":"info","message":"Ensured upload directory exists: C:\\Users\\ASUS\\OneDrive\\Desktop\\SmartStudentAct\\Backend\\routes\\uploads\\assignments","timestamp":"2025-12-16 06:29:42"}
{"level":"warn","message":"⚠️ Missing VAPID_PUBLIC_KEY or VAPID_PRIVATE_KEY — Push notifications disabled","timestamp":"2025-12-16 06:37:11"}
{"level":"info","message":"Ensured upload directory exists: C:\\Users\\ASUS\\OneDrive\\Desktop\\SmartStudentAct\\Backend\\routes\\uploads\\feedback","timestamp":"2025-12-16 06:37:11"}
{"level":"info","message":"Ensured upload directory exists: C:\\Users\\ASUS\\OneDrive\\Desktop\\SmartStudentAct\\Backend\\routes\\uploads\\other","timestamp":"2025-12-16 06:37:11"}
{"level":"info","message":"Ensured upload directory exists: C:\\Users\\ASUS\\OneDrive\\Desktop\\SmartStudentAct\\Backend\\routes\\uploads\\assignments","timestamp":"2025-12-16 06:37:11"}
{"level":"info","message":"Ensured upload directory exists: C:\\Users\\ASUS\\OneDrive\\Desktop\\SmartStudentAct\\Backend\\routes\\uploads\\submissions","timestamp":"2025-12-16 06:37:11"}
{"date":"Tue Dec 16 2025 06:37:41 GMT-0800 (Pacific Standard Time)","error":{"reason":{"commonWireVersion":0,"compatible":true,"heartbeatFrequencyMS":10000,"localThresholdMS":15,"logicalSessionTimeoutMinutes":null,"maxElectionId":null,"maxSetVersion":null,"servers":{},"setName":null,"stale":false,"type":"Unknown"}},"level":"error","message":"unhandledRejection: connect ECONNREFUSED 127.0.0.1:27017\nMongoServerSelectionError: connect ECONNREFUSED 127.0.0.1:27017\n    at Timeout._onTimeout (C:\\Users\\ASUS\\OneDrive\\Desktop\\SmartStudentAct\\Backend\\node_modules\\agenda\\node_modules\\mongodb\\lib\\sdam\\topology.js:292:38)\n    at listOnTimeout (node:internal/timers:588:17)\n    at process.processTimers (node:internal/timers:523:7)","os":{"loadavg":[0,0,0],"uptime":219568.828},"process":{"argv":["C:\\Program Files\\nodejs\\node.exe","C:\\Users\\ASUS\\OneDrive\\Desktop\\SmartStudentAct\\Backend\\server.js"],"cwd":"C:\\Users\\ASUS\\OneDrive\\Desktop\\SmartStudentAct","execPath":"C:\\Program Files\\nodejs\\node.exe","gid":null,"memoryUsage":{"arrayBuffers":36139258,"external":39877247,"heapTotal":52670464,"heapUsed":48596928,"rss":92110848},"pid":18768,"uid":null,"version":"v22.17.1"},"rejection":true,"stack":"MongoServerSelectionError: connect ECONNREFUSED 127.0.0.1:27017\n    at Timeout._onTimeout (C:\\Users\\ASUS\\OneDrive\\Desktop\\SmartStudentAct\\Backend\\node_modules\\agenda\\node_modules\\mongodb\\lib\\sdam\\topology.js:292:38)\n    at listOnTimeout (node:internal/timers:588:17)\n    at process.processTimers (node:internal/timers:523:7)","timestamp":"2025-12-16 06:37:41","trace":[{"column":38,"file":"C:\\Users\\ASUS\\OneDrive\\Desktop\\SmartStudentAct\\Backend\\node_modules\\agenda\\node_modules\\mongodb\\lib\\sdam\\topology.js","function":"Timeout._onTimeout","line":292,"method":"_onTimeout","native":false},{"column":17,"file":"node:internal/timers","function":"listOnTimeout","line":588,"method":null,"native":false},{"column":7,"file":"node:internal/timers","function":"process.processTimers","line":523,"method":"processTimers","native":false}]}
{"level":"error","message":"❌ Missing MONGODB_URI in environment. Agenda will not start.","timestamp":"2025-12-16 06:38:26"}
{"level":"warn","message":"⚠️ Missing VAPID_PUBLIC_KEY or VAPID_PRIVATE_KEY — Push notifications disabled","timestamp":"2025-12-16 06:38:26"}
{"level":"info","message":"Ensured upload directory exists: C:\\Users\\ASUS\\OneDrive\\Desktop\\SmartStudentAct\\Backend\\routes\\uploads\\feedback","timestamp":"2025-12-16 06:38:26"}
{"level":"info","message":"Ensured upload directory exists: C:\\Users\\ASUS\\OneDrive\\Desktop\\SmartStudentAct\\Backend\\routes\\uploads\\other","timestamp":"2025-12-16 06:38:26"}
{"level":"info","message":"Ensured upload directory exists: C:\\Users\\ASUS\\OneDrive\\Desktop\\SmartStudentAct\\Backend\\routes\\uploads\\submissions","timestamp":"2025-12-16 06:38:26"}
{"level":"info","message":"Ensured upload directory exists: C:\\Users\\ASUS\\OneDrive\\Desktop\\SmartStudentAct\\Backend\\routes\\uploads\\assignments","timestamp":"2025-12-16 06:38:26"}
{"level":"error","message":"❌ Missing MONGODB_URI in environment. Agenda will not start.","timestamp":"2025-12-16 06:51:35"}
{"level":"warn","message":"⚠️ Missing VAPID_PUBLIC_KEY or VAPID_PRIVATE_KEY — Push notifications disabled","timestamp":"2025-12-16 06:51:35"}
{"level":"info","message":"Ensured upload directory exists: C:\\Users\\ASUS\\OneDrive\\Desktop\\SmartStudentAct\\Backend\\routes\\uploads\\feedback","timestamp":"2025-12-16 06:51:35"}
{"level":"info","message":"Ensured upload directory exists: C:\\Users\\ASUS\\OneDrive\\Desktop\\SmartStudentAct\\Backend\\routes\\uploads\\other","timestamp":"2025-12-16 06:51:35"}
{"level":"info","message":"Ensured upload directory exists: C:\\Users\\ASUS\\OneDrive\\Desktop\\SmartStudentAct\\Backend\\routes\\uploads\\assignments","timestamp":"2025-12-16 06:51:35"}
{"level":"info","message":"Ensured upload directory exists: C:\\Users\\ASUS\\OneDrive\\Desktop\\SmartStudentAct\\Backend\\routes\\uploads\\submissions","timestamp":"2025-12-16 06:51:35"}
{"level":"error","message":"❌ Missing MONGODB_URI in environment. Agenda will not start.","timestamp":"2025-12-16 06:55:30"}
{"level":"warn","message":"⚠️ Missing VAPID_PUBLIC_KEY or VAPID_PRIVATE_KEY — Push notifications disabled","timestamp":"2025-12-16 06:55:30"}
{"level":"info","message":"Ensured upload directory exists: C:\\Users\\ASUS\\OneDrive\\Desktop\\SmartStudentAct\\Backend\\routes\\uploads\\feedback","timestamp":"2025-12-16 06:55:30"}
{"level":"info","message":"Ensured upload directory exists: C:\\Users\\ASUS\\OneDrive\\Desktop\\SmartStudentAct\\Backend\\routes\\uploads\\other","timestamp":"2025-12-16 06:55:30"}
{"level":"info","message":"Ensured upload directory exists: C:\\Users\\ASUS\\OneDrive\\Desktop\\SmartStudentAct\\Backend\\routes\\uploads\\assignments","timestamp":"2025-12-16 06:55:30"}
{"level":"info","message":"Ensured upload directory exists: C:\\Users\\ASUS\\OneDrive\\Desktop\\SmartStudentAct\\Backend\\routes\\uploads\\submissions","timestamp":"2025-12-16 06:55:30"}
{"level":"error","message":"❌ Missing MONGODB_URI in environment. Agenda will not start.","timestamp":"2025-12-16 06:56:44"}
{"level":"warn","message":"⚠️ Missing VAPID_PUBLIC_KEY or VAPID_PRIVATE_KEY — Push notifications disabled","timestamp":"2025-12-16 06:56:44"}
{"level":"info","message":"Ensured upload directory exists: C:\\Users\\ASUS\\OneDrive\\Desktop\\SmartStudentAct\\Backend\\routes\\uploads\\other","timestamp":"2025-12-16 06:56:44"}
{"level":"info","message":"Ensured upload directory exists: C:\\Users\\ASUS\\OneDrive\\Desktop\\SmartStudentAct\\Backend\\routes\\uploads\\feedback","timestamp":"2025-12-16 06:56:44"}
{"level":"info","message":"Ensured upload directory exists: C:\\Users\\ASUS\\OneDrive\\Desktop\\SmartStudentAct\\Backend\\routes\\uploads\\assignments","timestamp":"2025-12-16 06:56:44"}
{"level":"info","message":"Ensured upload directory exists: C:\\Users\\ASUS\\OneDrive\\Desktop\\SmartStudentAct\\Backend\\routes\\uploads\\submissions","timestamp":"2025-12-16 06:56:44"}
{"level":"info","message":"✅ Web Push VAPID keys configured successfully","timestamp":"2025-12-16 06:57:56"}
{"level":"info","message":"Ensured upload directory exists: C:\\Users\\ASUS\\OneDrive\\Desktop\\SmartStudentAct\\Backend\\routes\\uploads\\feedback","timestamp":"2025-12-16 06:57:56"}
{"level":"info","message":"Ensured upload directory exists: C:\\Users\\ASUS\\OneDrive\\Desktop\\SmartStudentAct\\Backend\\routes\\uploads\\other","timestamp":"2025-12-16 06:57:56"}
{"level":"info","message":"Ensured upload directory exists: C:\\Users\\ASUS\\OneDrive\\Desktop\\SmartStudentAct\\Backend\\routes\\uploads\\assignments","timestamp":"2025-12-16 06:57:56"}
{"level":"info","message":"Ensured upload directory exists: C:\\Users\\ASUS\\OneDrive\\Desktop\\SmartStudentAct\\Backend\\routes\\uploads\\submissions","timestamp":"2025-12-16 06:57:56"}
{"level":"info","message":"✅ Agenda connected, starting...","timestamp":"2025-12-16 06:57:58"}
{"level":"info","message":"✅ Web Push VAPID keys configured successfully","timestamp":"2025-12-16 07:04:24"}
{"level":"info","message":"Ensured upload directory exists: C:\\Users\\ASUS\\OneDrive\\Desktop\\SmartStudentAct\\Backend\\routes\\uploads\\other","timestamp":"2025-12-16 07:04:24"}
{"level":"info","message":"Ensured upload directory exists: C:\\Users\\ASUS\\OneDrive\\Desktop\\SmartStudentAct\\Backend\\routes\\uploads\\feedback","timestamp":"2025-12-16 07:04:24"}
{"level":"info","message":"Ensured upload directory exists: C:\\Users\\ASUS\\OneDrive\\Desktop\\SmartStudentAct\\Backend\\routes\\uploads\\assignments","timestamp":"2025-12-16 07:04:24"}
{"level":"info","message":"Ensured upload directory exists: C:\\Users\\ASUS\\OneDrive\\Desktop\\SmartStudentAct\\Backend\\routes\\uploads\\submissions","timestamp":"2025-12-16 07:04:24"}
{"level":"info","message":"✅ Agenda connected, starting...","timestamp":"2025-12-16 07:04:26"}
{"level":"info","message":"✅ Web Push VAPID keys configured successfully","timestamp":"2025-12-16 07:20:08"}
{"level":"info","message":"Ensured upload directory exists: C:\\Users\\ASUS\\OneDrive\\Desktop\\SmartStudentAct\\Backend\\routes\\uploads\\feedback","timestamp":"2025-12-16 07:20:08"}
{"level":"info","message":"Ensured upload directory exists: C:\\Users\\ASUS\\OneDrive\\Desktop\\SmartStudentAct\\Backend\\routes\\uploads\\other","timestamp":"2025-12-16 07:20:08"}
{"level":"info","message":"Ensured upload directory exists: C:\\Users\\ASUS\\OneDrive\\Desktop\\SmartStudentAct\\Backend\\routes\\uploads\\assignments","timestamp":"2025-12-16 07:20:08"}
{"level":"info","message":"Ensured upload directory exists: C:\\Users\\ASUS\\OneDrive\\Desktop\\SmartStudentAct\\Backend\\routes\\uploads\\submissions","timestamp":"2025-12-16 07:20:08"}
{"level":"info","message":"✅ Agenda connected, starting...","timestamp":"2025-12-16 07:20:09"}
{"level":"info","message":"✅ Web Push VAPID keys configured successfully","timestamp":"2025-12-16 07:30:37"}
{"level":"info","message":"Ensured upload directory exists: C:\\Users\\ASUS\\OneDrive\\Desktop\\SmartStudentAct\\Backend\\routes\\uploads\\feedback","timestamp":"2025-12-16 07:30:37"}
{"level":"info","message":"Ensured upload directory exists: C:\\Users\\ASUS\\OneDrive\\Desktop\\SmartStudentAct\\Backend\\routes\\uploads\\other","timestamp":"2025-12-16 07:30:37"}
{"level":"info","message":"Ensured upload directory exists: C:\\Users\\ASUS\\OneDrive\\Desktop\\SmartStudentAct\\Backend\\routes\\uploads\\assignments","timestamp":"2025-12-16 07:30:37"}
{"level":"info","message":"Ensured upload directory exists: C:\\Users\\ASUS\\OneDrive\\Desktop\\SmartStudentAct\\Backend\\routes\\uploads\\submissions","timestamp":"2025-12-16 07:30:37"}
{"level":"info","message":"✅ Agenda connected, starting...","timestamp":"2025-12-16 07:30:39"}
